2023-03-06-21-26 [main] [org.springframework.test.context.support.AnnotationConfigContextLoaderUtils] [INFO] - Could not detect default configuration classes for test class [com.wqm.ims.InternshipManagementSystemApplicationTests]: InternshipManagementSystemApplicationTests does not declare any static, non-private, non-final, nested classes annotated with @Configuration.
2023-03-06-21-26 [main] [org.springframework.boot.test.context.SpringBootTestContextBootstrapper] [INFO] - Found @SpringBootConfiguration com.wqm.ims.InternshipManagementSystemApplication for test class com.wqm.ims.InternshipManagementSystemApplicationTests
2023-03-06-21-26 [main] [com.wqm.ims.InternshipManagementSystemApplicationTests] [INFO] - Starting InternshipManagementSystemApplicationTests using Java 17.0.5 with PID 22444 (started by kevin in /Users/kevin/work/JavaProjects/Internship-Management-System)
2023-03-06-21-26 [main] [com.wqm.ims.InternshipManagementSystemApplicationTests] [INFO] - No active profile set, falling back to 1 default profile: "default"
2023-03-06-21-26 [main] [com.baomidou.mybatisplus.core.injector.DefaultSqlInjector] [WARN] - class com.wqm.ims.bean.User ,Not found @TableId annotation, Cannot use Mybatis-Plus 'xxById' Method.
2023-03-06-21-26 [main] [com.wqm.ims.InternshipManagementSystemApplicationTests] [INFO] - Started InternshipManagementSystemApplicationTests in 0.981 seconds (process running for 1.37)
2023-03-06-21-26 [main] [com.alibaba.druid.pool.DruidDataSource] [INFO] - {dataSource-1} inited
2023-03-06-21-26 [SpringApplicationShutdownHook] [com.alibaba.druid.pool.DruidDataSource] [INFO] - {dataSource-1} closing ...
2023-03-06-21-26 [SpringApplicationShutdownHook] [com.alibaba.druid.pool.DruidDataSource] [INFO] - {dataSource-1} closed
2023-03-06-21-26 [main] [org.springframework.test.context.support.AnnotationConfigContextLoaderUtils] [INFO] - Could not detect default configuration classes for test class [com.wqm.ims.InternshipManagementSystemApplicationTests]: InternshipManagementSystemApplicationTests does not declare any static, non-private, non-final, nested classes annotated with @Configuration.
2023-03-06-21-26 [main] [org.springframework.boot.test.context.SpringBootTestContextBootstrapper] [INFO] - Found @SpringBootConfiguration com.wqm.ims.InternshipManagementSystemApplication for test class com.wqm.ims.InternshipManagementSystemApplicationTests
2023-03-06-21-26 [main] [com.wqm.ims.InternshipManagementSystemApplicationTests] [INFO] - Starting InternshipManagementSystemApplicationTests using Java 17.0.5 with PID 22458 (started by kevin in /Users/kevin/work/JavaProjects/Internship-Management-System)
2023-03-06-21-26 [main] [com.wqm.ims.InternshipManagementSystemApplicationTests] [INFO] - No active profile set, falling back to 1 default profile: "default"
2023-03-06-21-26 [main] [com.baomidou.mybatisplus.core.injector.DefaultSqlInjector] [WARN] - class com.wqm.ims.bean.User ,Not found @TableId annotation, Cannot use Mybatis-Plus 'xxById' Method.
2023-03-06-21-26 [main] [com.wqm.ims.InternshipManagementSystemApplicationTests] [INFO] - Started InternshipManagementSystemApplicationTests in 0.8 seconds (process running for 1.153)
2023-03-06-21-26 [main] [com.alibaba.druid.pool.DruidDataSource] [INFO] - {dataSource-1} inited
2023-03-06-21-26 [SpringApplicationShutdownHook] [com.alibaba.druid.pool.DruidDataSource] [INFO] - {dataSource-1} closing ...
2023-03-06-21-26 [SpringApplicationShutdownHook] [com.alibaba.druid.pool.DruidDataSource] [INFO] - {dataSource-1} closed
2023-03-06-21-28 [main] [org.springframework.test.context.support.AnnotationConfigContextLoaderUtils] [INFO] - Could not detect default configuration classes for test class [com.wqm.ims.InternshipManagementSystemApplicationTests]: InternshipManagementSystemApplicationTests does not declare any static, non-private, non-final, nested classes annotated with @Configuration.
2023-03-06-21-28 [main] [org.springframework.boot.test.context.SpringBootTestContextBootstrapper] [INFO] - Found @SpringBootConfiguration com.wqm.ims.InternshipManagementSystemApplication for test class com.wqm.ims.InternshipManagementSystemApplicationTests
2023-03-06-21-28 [main] [com.wqm.ims.InternshipManagementSystemApplicationTests] [INFO] - Starting InternshipManagementSystemApplicationTests using Java 17.0.5 with PID 22486 (started by kevin in /Users/kevin/work/JavaProjects/Internship-Management-System)
2023-03-06-21-28 [main] [com.wqm.ims.InternshipManagementSystemApplicationTests] [INFO] - No active profile set, falling back to 1 default profile: "default"
2023-03-06-21-28 [main] [com.baomidou.mybatisplus.core.injector.DefaultSqlInjector] [WARN] - class com.wqm.ims.bean.User ,Not found @TableId annotation, Cannot use Mybatis-Plus 'xxById' Method.
2023-03-06-21-28 [main] [com.wqm.ims.InternshipManagementSystemApplicationTests] [INFO] - Started InternshipManagementSystemApplicationTests in 0.826 seconds (process running for 1.187)
2023-03-06-21-28 [main] [com.alibaba.druid.pool.DruidDataSource] [INFO] - {dataSource-1} inited
2023-03-06-21-28 [SpringApplicationShutdownHook] [com.alibaba.druid.pool.DruidDataSource] [INFO] - {dataSource-1} closing ...
2023-03-06-21-28 [SpringApplicationShutdownHook] [com.alibaba.druid.pool.DruidDataSource] [INFO] - {dataSource-1} closed
2023-03-06-21-29 [main] [org.springframework.test.context.support.AnnotationConfigContextLoaderUtils] [INFO] - Could not detect default configuration classes for test class [com.wqm.ims.InternshipManagementSystemApplicationTests]: InternshipManagementSystemApplicationTests does not declare any static, non-private, non-final, nested classes annotated with @Configuration.
2023-03-06-21-29 [main] [org.springframework.boot.test.context.SpringBootTestContextBootstrapper] [INFO] - Found @SpringBootConfiguration com.wqm.ims.InternshipManagementSystemApplication for test class com.wqm.ims.InternshipManagementSystemApplicationTests
2023-03-06-21-29 [main] [com.wqm.ims.InternshipManagementSystemApplicationTests] [INFO] - Starting InternshipManagementSystemApplicationTests using Java 17.0.5 with PID 22508 (started by kevin in /Users/kevin/work/JavaProjects/Internship-Management-System)
2023-03-06-21-29 [main] [com.wqm.ims.InternshipManagementSystemApplicationTests] [INFO] - No active profile set, falling back to 1 default profile: "default"
2023-03-06-21-29 [main] [com.baomidou.mybatisplus.core.injector.DefaultSqlInjector] [WARN] - class com.wqm.ims.bean.User ,Not found @TableId annotation, Cannot use Mybatis-Plus 'xxById' Method.
2023-03-06-21-29 [main] [com.wqm.ims.InternshipManagementSystemApplicationTests] [INFO] - Started InternshipManagementSystemApplicationTests in 1.001 seconds (process running for 1.357)
2023-03-06-21-29 [main] [com.alibaba.druid.pool.DruidDataSource] [INFO] - {dataSource-1} inited
2023-03-06-21-29 [SpringApplicationShutdownHook] [com.alibaba.druid.pool.DruidDataSource] [INFO] - {dataSource-1} closing ...
2023-03-06-21-29 [SpringApplicationShutdownHook] [com.alibaba.druid.pool.DruidDataSource] [INFO] - {dataSource-1} closed
2023-03-06-21-29 [main] [org.springframework.test.context.support.AnnotationConfigContextLoaderUtils] [INFO] - Could not detect default configuration classes for test class [com.wqm.ims.InternshipManagementSystemApplicationTests]: InternshipManagementSystemApplicationTests does not declare any static, non-private, non-final, nested classes annotated with @Configuration.
2023-03-06-21-29 [main] [org.springframework.boot.test.context.SpringBootTestContextBootstrapper] [INFO] - Found @SpringBootConfiguration com.wqm.ims.InternshipManagementSystemApplication for test class com.wqm.ims.InternshipManagementSystemApplicationTests
2023-03-06-21-29 [main] [com.wqm.ims.InternshipManagementSystemApplicationTests] [INFO] - Starting InternshipManagementSystemApplicationTests using Java 17.0.5 with PID 22526 (started by kevin in /Users/kevin/work/JavaProjects/Internship-Management-System)
2023-03-06-21-29 [main] [com.wqm.ims.InternshipManagementSystemApplicationTests] [INFO] - No active profile set, falling back to 1 default profile: "default"
2023-03-06-21-29 [main] [com.baomidou.mybatisplus.core.injector.DefaultSqlInjector] [WARN] - class com.wqm.ims.bean.User ,Not found @TableId annotation, Cannot use Mybatis-Plus 'xxById' Method.
2023-03-06-21-29 [main] [com.wqm.ims.InternshipManagementSystemApplicationTests] [INFO] - Started InternshipManagementSystemApplicationTests in 0.835 seconds (process running for 1.208)
2023-03-06-21-29 [main] [com.alibaba.druid.pool.DruidDataSource] [INFO] - {dataSource-1} inited
2023-03-06-21-29 [SpringApplicationShutdownHook] [com.alibaba.druid.pool.DruidDataSource] [INFO] - {dataSource-1} closing ...
2023-03-06-21-29 [SpringApplicationShutdownHook] [com.alibaba.druid.pool.DruidDataSource] [INFO] - {dataSource-1} closed
2023-03-06-21-29 [main] [org.springframework.test.context.support.AnnotationConfigContextLoaderUtils] [INFO] - Could not detect default configuration classes for test class [com.wqm.ims.InternshipManagementSystemApplicationTests]: InternshipManagementSystemApplicationTests does not declare any static, non-private, non-final, nested classes annotated with @Configuration.
2023-03-06-21-29 [main] [org.springframework.boot.test.context.SpringBootTestContextBootstrapper] [INFO] - Found @SpringBootConfiguration com.wqm.ims.InternshipManagementSystemApplication for test class com.wqm.ims.InternshipManagementSystemApplicationTests
2023-03-06-21-29 [main] [com.wqm.ims.InternshipManagementSystemApplicationTests] [INFO] - Starting InternshipManagementSystemApplicationTests using Java 17.0.5 with PID 22531 (started by kevin in /Users/kevin/work/JavaProjects/Internship-Management-System)
2023-03-06-21-29 [main] [com.wqm.ims.InternshipManagementSystemApplicationTests] [INFO] - No active profile set, falling back to 1 default profile: "default"
2023-03-06-21-29 [main] [com.baomidou.mybatisplus.core.injector.DefaultSqlInjector] [WARN] - class com.wqm.ims.bean.User ,Not found @TableId annotation, Cannot use Mybatis-Plus 'xxById' Method.
2023-03-06-21-29 [main] [com.wqm.ims.InternshipManagementSystemApplicationTests] [INFO] - Started InternshipManagementSystemApplicationTests in 0.959 seconds (process running for 1.348)
2023-03-06-21-29 [main] [com.alibaba.druid.pool.DruidDataSource] [INFO] - {dataSource-1} inited
2023-03-06-21-29 [SpringApplicationShutdownHook] [com.alibaba.druid.pool.DruidDataSource] [INFO] - {dataSource-1} closing ...
2023-03-06-21-29 [SpringApplicationShutdownHook] [com.alibaba.druid.pool.DruidDataSource] [INFO] - {dataSource-1} closed
2023-03-06-22-01 [main] [org.springframework.test.context.support.AnnotationConfigContextLoaderUtils] [INFO] - Could not detect default configuration classes for test class [com.wqm.ims.InternshipManagementSystemApplicationTests]: InternshipManagementSystemApplicationTests does not declare any static, non-private, non-final, nested classes annotated with @Configuration.
2023-03-06-22-01 [main] [org.springframework.boot.test.context.SpringBootTestContextBootstrapper] [INFO] - Found @SpringBootConfiguration com.wqm.ims.InternshipManagementSystemApplication for test class com.wqm.ims.InternshipManagementSystemApplicationTests
2023-03-06-22-01 [main] [com.wqm.ims.InternshipManagementSystemApplicationTests] [INFO] - Starting InternshipManagementSystemApplicationTests using Java 17.0.5 with PID 22641 (started by kevin in /Users/kevin/work/JavaProjects/Internship-Management-System)
2023-03-06-22-01 [main] [com.wqm.ims.InternshipManagementSystemApplicationTests] [INFO] - No active profile set, falling back to 1 default profile: "default"
2023-03-06-22-01 [main] [com.baomidou.mybatisplus.core.injector.DefaultSqlInjector] [WARN] - class com.wqm.ims.bean.User ,Not found @TableId annotation, Cannot use Mybatis-Plus 'xxById' Method.
2023-03-06-22-01 [main] [com.wqm.ims.InternshipManagementSystemApplicationTests] [INFO] - Started InternshipManagementSystemApplicationTests in 0.933 seconds (process running for 1.303)
2023-03-06-22-01 [SpringApplicationShutdownHook] [com.alibaba.druid.pool.DruidDataSource] [INFO] - {dataSource-0} closing ...
2023-03-06-22-01 [main] [org.springframework.test.context.support.AnnotationConfigContextLoaderUtils] [INFO] - Could not detect default configuration classes for test class [com.wqm.ims.InternshipManagementSystemApplicationTests]: InternshipManagementSystemApplicationTests does not declare any static, non-private, non-final, nested classes annotated with @Configuration.
2023-03-06-22-01 [main] [org.springframework.boot.test.context.SpringBootTestContextBootstrapper] [INFO] - Found @SpringBootConfiguration com.wqm.ims.InternshipManagementSystemApplication for test class com.wqm.ims.InternshipManagementSystemApplicationTests
2023-03-06-22-01 [main] [com.wqm.ims.InternshipManagementSystemApplicationTests] [INFO] - Starting InternshipManagementSystemApplicationTests using Java 17.0.5 with PID 22646 (started by kevin in /Users/kevin/work/JavaProjects/Internship-Management-System)
2023-03-06-22-01 [main] [com.wqm.ims.InternshipManagementSystemApplicationTests] [INFO] - No active profile set, falling back to 1 default profile: "default"
2023-03-06-22-01 [main] [com.baomidou.mybatisplus.core.injector.DefaultSqlInjector] [WARN] - class com.wqm.ims.bean.User ,Not found @TableId annotation, Cannot use Mybatis-Plus 'xxById' Method.
2023-03-06-22-01 [main] [com.wqm.ims.InternshipManagementSystemApplicationTests] [INFO] - Started InternshipManagementSystemApplicationTests in 0.873 seconds (process running for 1.244)
2023-03-06-22-01 [SpringApplicationShutdownHook] [com.alibaba.druid.pool.DruidDataSource] [INFO] - {dataSource-0} closing ...
2023-03-06-22-01 [main] [org.springframework.test.context.support.AnnotationConfigContextLoaderUtils] [INFO] - Could not detect default configuration classes for test class [com.wqm.ims.InternshipManagementSystemApplicationTests]: InternshipManagementSystemApplicationTests does not declare any static, non-private, non-final, nested classes annotated with @Configuration.
2023-03-06-22-01 [main] [org.springframework.boot.test.context.SpringBootTestContextBootstrapper] [INFO] - Found @SpringBootConfiguration com.wqm.ims.InternshipManagementSystemApplication for test class com.wqm.ims.InternshipManagementSystemApplicationTests
2023-03-06-22-01 [main] [com.wqm.ims.InternshipManagementSystemApplicationTests] [INFO] - Starting InternshipManagementSystemApplicationTests using Java 17.0.5 with PID 22655 (started by kevin in /Users/kevin/work/JavaProjects/Internship-Management-System)
2023-03-06-22-01 [main] [com.wqm.ims.InternshipManagementSystemApplicationTests] [INFO] - No active profile set, falling back to 1 default profile: "default"
2023-03-06-22-02 [main] [com.baomidou.mybatisplus.core.injector.DefaultSqlInjector] [WARN] - class com.wqm.ims.bean.User ,Not found @TableId annotation, Cannot use Mybatis-Plus 'xxById' Method.
2023-03-06-22-02 [main] [com.wqm.ims.InternshipManagementSystemApplicationTests] [INFO] - Started InternshipManagementSystemApplicationTests in 0.791 seconds (process running for 1.138)
2023-03-06-22-02 [SpringApplicationShutdownHook] [com.alibaba.druid.pool.DruidDataSource] [INFO] - {dataSource-0} closing ...
2023-03-06-22-02 [main] [org.springframework.test.context.support.AnnotationConfigContextLoaderUtils] [INFO] - Could not detect default configuration classes for test class [com.wqm.ims.InternshipManagementSystemApplicationTests]: InternshipManagementSystemApplicationTests does not declare any static, non-private, non-final, nested classes annotated with @Configuration.
2023-03-06-22-02 [main] [org.springframework.boot.test.context.SpringBootTestContextBootstrapper] [INFO] - Found @SpringBootConfiguration com.wqm.ims.InternshipManagementSystemApplication for test class com.wqm.ims.InternshipManagementSystemApplicationTests
2023-03-06-22-02 [main] [com.wqm.ims.InternshipManagementSystemApplicationTests] [INFO] - Starting InternshipManagementSystemApplicationTests using Java 17.0.5 with PID 22664 (started by kevin in /Users/kevin/work/JavaProjects/Internship-Management-System)
2023-03-06-22-02 [main] [com.wqm.ims.InternshipManagementSystemApplicationTests] [INFO] - No active profile set, falling back to 1 default profile: "default"
2023-03-06-22-02 [main] [com.baomidou.mybatisplus.core.injector.DefaultSqlInjector] [WARN] - class com.wqm.ims.bean.User ,Not found @TableId annotation, Cannot use Mybatis-Plus 'xxById' Method.
2023-03-06-22-02 [main] [com.wqm.ims.InternshipManagementSystemApplicationTests] [INFO] - Started InternshipManagementSystemApplicationTests in 0.844 seconds (process running for 1.221)
2023-03-06-22-02 [SpringApplicationShutdownHook] [com.alibaba.druid.pool.DruidDataSource] [INFO] - {dataSource-0} closing ...
2023-03-06-22-02 [main] [org.springframework.test.context.support.AnnotationConfigContextLoaderUtils] [INFO] - Could not detect default configuration classes for test class [com.wqm.ims.InternshipManagementSystemApplicationTests]: InternshipManagementSystemApplicationTests does not declare any static, non-private, non-final, nested classes annotated with @Configuration.
2023-03-06-22-02 [main] [org.springframework.boot.test.context.SpringBootTestContextBootstrapper] [INFO] - Found @SpringBootConfiguration com.wqm.ims.InternshipManagementSystemApplication for test class com.wqm.ims.InternshipManagementSystemApplicationTests
2023-03-06-22-02 [main] [com.wqm.ims.InternshipManagementSystemApplicationTests] [INFO] - Starting InternshipManagementSystemApplicationTests using Java 17.0.5 with PID 22674 (started by kevin in /Users/kevin/work/JavaProjects/Internship-Management-System)
2023-03-06-22-02 [main] [com.wqm.ims.InternshipManagementSystemApplicationTests] [INFO] - No active profile set, falling back to 1 default profile: "default"
2023-03-06-22-02 [main] [com.baomidou.mybatisplus.core.injector.DefaultSqlInjector] [WARN] - class com.wqm.ims.bean.User ,Not found @TableId annotation, Cannot use Mybatis-Plus 'xxById' Method.
2023-03-06-22-02 [main] [com.wqm.ims.InternshipManagementSystemApplicationTests] [INFO] - Started InternshipManagementSystemApplicationTests in 0.816 seconds (process running for 1.167)
2023-03-06-22-02 [SpringApplicationShutdownHook] [com.alibaba.druid.pool.DruidDataSource] [INFO] - {dataSource-0} closing ...
2023-03-06-22-02 [main] [org.springframework.test.context.support.AnnotationConfigContextLoaderUtils] [INFO] - Could not detect default configuration classes for test class [com.wqm.ims.InternshipManagementSystemApplicationTests]: InternshipManagementSystemApplicationTests does not declare any static, non-private, non-final, nested classes annotated with @Configuration.
2023-03-06-22-02 [main] [org.springframework.boot.test.context.SpringBootTestContextBootstrapper] [INFO] - Found @SpringBootConfiguration com.wqm.ims.InternshipManagementSystemApplication for test class com.wqm.ims.InternshipManagementSystemApplicationTests
2023-03-06-22-02 [main] [com.wqm.ims.InternshipManagementSystemApplicationTests] [INFO] - Starting InternshipManagementSystemApplicationTests using Java 17.0.5 with PID 22682 (started by kevin in /Users/kevin/work/JavaProjects/Internship-Management-System)
2023-03-06-22-02 [main] [com.wqm.ims.InternshipManagementSystemApplicationTests] [INFO] - No active profile set, falling back to 1 default profile: "default"
2023-03-06-22-02 [main] [com.baomidou.mybatisplus.core.injector.DefaultSqlInjector] [WARN] - class com.wqm.ims.bean.User ,Not found @TableId annotation, Cannot use Mybatis-Plus 'xxById' Method.
2023-03-06-22-02 [main] [com.wqm.ims.InternshipManagementSystemApplicationTests] [INFO] - Started InternshipManagementSystemApplicationTests in 0.849 seconds (process running for 1.218)
2023-03-06-22-02 [SpringApplicationShutdownHook] [com.alibaba.druid.pool.DruidDataSource] [INFO] - {dataSource-0} closing ...
2023-03-06-22-02 [main] [org.springframework.test.context.support.AnnotationConfigContextLoaderUtils] [INFO] - Could not detect default configuration classes for test class [com.wqm.ims.InternshipManagementSystemApplicationTests]: InternshipManagementSystemApplicationTests does not declare any static, non-private, non-final, nested classes annotated with @Configuration.
2023-03-06-22-02 [main] [org.springframework.boot.test.context.SpringBootTestContextBootstrapper] [INFO] - Found @SpringBootConfiguration com.wqm.ims.InternshipManagementSystemApplication for test class com.wqm.ims.InternshipManagementSystemApplicationTests
2023-03-06-22-02 [main] [com.wqm.ims.InternshipManagementSystemApplicationTests] [INFO] - Starting InternshipManagementSystemApplicationTests using Java 17.0.5 with PID 22690 (started by kevin in /Users/kevin/work/JavaProjects/Internship-Management-System)
2023-03-06-22-02 [main] [com.wqm.ims.InternshipManagementSystemApplicationTests] [INFO] - No active profile set, falling back to 1 default profile: "default"
2023-03-06-22-02 [main] [com.baomidou.mybatisplus.core.injector.DefaultSqlInjector] [WARN] - class com.wqm.ims.bean.User ,Not found @TableId annotation, Cannot use Mybatis-Plus 'xxById' Method.
2023-03-06-22-02 [main] [com.wqm.ims.InternshipManagementSystemApplicationTests] [INFO] - Started InternshipManagementSystemApplicationTests in 0.786 seconds (process running for 1.137)
2023-03-06-22-02 [SpringApplicationShutdownHook] [com.alibaba.druid.pool.DruidDataSource] [INFO] - {dataSource-0} closing ...
2023-03-06-22-02 [main] [org.springframework.test.context.support.AnnotationConfigContextLoaderUtils] [INFO] - Could not detect default configuration classes for test class [com.wqm.ims.InternshipManagementSystemApplicationTests]: InternshipManagementSystemApplicationTests does not declare any static, non-private, non-final, nested classes annotated with @Configuration.
2023-03-06-22-02 [main] [org.springframework.boot.test.context.SpringBootTestContextBootstrapper] [INFO] - Found @SpringBootConfiguration com.wqm.ims.InternshipManagementSystemApplication for test class com.wqm.ims.InternshipManagementSystemApplicationTests
2023-03-06-22-02 [main] [com.wqm.ims.InternshipManagementSystemApplicationTests] [INFO] - Starting InternshipManagementSystemApplicationTests using Java 17.0.5 with PID 22693 (started by kevin in /Users/kevin/work/JavaProjects/Internship-Management-System)
2023-03-06-22-02 [main] [com.wqm.ims.InternshipManagementSystemApplicationTests] [INFO] - No active profile set, falling back to 1 default profile: "default"
2023-03-06-22-02 [main] [com.baomidou.mybatisplus.core.injector.DefaultSqlInjector] [WARN] - class com.wqm.ims.bean.User ,Not found @TableId annotation, Cannot use Mybatis-Plus 'xxById' Method.
2023-03-06-22-02 [main] [com.wqm.ims.InternshipManagementSystemApplicationTests] [INFO] - Started InternshipManagementSystemApplicationTests in 0.838 seconds (process running for 1.206)
2023-03-06-22-02 [SpringApplicationShutdownHook] [com.alibaba.druid.pool.DruidDataSource] [INFO] - {dataSource-0} closing ...
2023-03-06-22-02 [main] [org.springframework.test.context.support.AnnotationConfigContextLoaderUtils] [INFO] - Could not detect default configuration classes for test class [com.wqm.ims.InternshipManagementSystemApplicationTests]: InternshipManagementSystemApplicationTests does not declare any static, non-private, non-final, nested classes annotated with @Configuration.
2023-03-06-22-02 [main] [org.springframework.boot.test.context.SpringBootTestContextBootstrapper] [INFO] - Found @SpringBootConfiguration com.wqm.ims.InternshipManagementSystemApplication for test class com.wqm.ims.InternshipManagementSystemApplicationTests
2023-03-06-22-02 [main] [com.wqm.ims.InternshipManagementSystemApplicationTests] [INFO] - Starting InternshipManagementSystemApplicationTests using Java 17.0.5 with PID 22700 (started by kevin in /Users/kevin/work/JavaProjects/Internship-Management-System)
2023-03-06-22-02 [main] [com.wqm.ims.InternshipManagementSystemApplicationTests] [INFO] - No active profile set, falling back to 1 default profile: "default"
2023-03-06-22-02 [main] [com.baomidou.mybatisplus.core.injector.DefaultSqlInjector] [WARN] - class com.wqm.ims.bean.User ,Not found @TableId annotation, Cannot use Mybatis-Plus 'xxById' Method.
2023-03-06-22-02 [main] [com.wqm.ims.InternshipManagementSystemApplicationTests] [INFO] - Started InternshipManagementSystemApplicationTests in 0.81 seconds (process running for 1.164)
2023-03-06-22-02 [SpringApplicationShutdownHook] [com.alibaba.druid.pool.DruidDataSource] [INFO] - {dataSource-0} closing ...
2023-03-06-22-03 [main] [org.springframework.test.context.support.AnnotationConfigContextLoaderUtils] [INFO] - Could not detect default configuration classes for test class [com.wqm.ims.InternshipManagementSystemApplicationTests]: InternshipManagementSystemApplicationTests does not declare any static, non-private, non-final, nested classes annotated with @Configuration.
2023-03-06-22-03 [main] [org.springframework.boot.test.context.SpringBootTestContextBootstrapper] [INFO] - Found @SpringBootConfiguration com.wqm.ims.InternshipManagementSystemApplication for test class com.wqm.ims.InternshipManagementSystemApplicationTests
2023-03-06-22-03 [main] [com.wqm.ims.InternshipManagementSystemApplicationTests] [INFO] - Starting InternshipManagementSystemApplicationTests using Java 17.0.5 with PID 22703 (started by kevin in /Users/kevin/work/JavaProjects/Internship-Management-System)
2023-03-06-22-03 [main] [com.wqm.ims.InternshipManagementSystemApplicationTests] [INFO] - No active profile set, falling back to 1 default profile: "default"
2023-03-06-22-03 [main] [com.baomidou.mybatisplus.core.injector.DefaultSqlInjector] [WARN] - class com.wqm.ims.bean.User ,Not found @TableId annotation, Cannot use Mybatis-Plus 'xxById' Method.
2023-03-06-22-03 [main] [com.wqm.ims.InternshipManagementSystemApplicationTests] [INFO] - Started InternshipManagementSystemApplicationTests in 0.83 seconds (process running for 1.197)
2023-03-06-22-03 [SpringApplicationShutdownHook] [com.alibaba.druid.pool.DruidDataSource] [INFO] - {dataSource-0} closing ...
